<?xml version="1.0" encoding="UTF-8"?>
<testsuite xmlns:xsi="http://www.w3.org/2001/XMLSchema-instance" xsi:noNamespaceSchemaLocation="https://maven.apache.org/surefire/maven-surefire-plugin/xsd/surefire-test-report.xsd" name="com.fa.service.ExpenseManagerTest" time="1.357" tests="6" errors="0" skipped="0" failures="0">
  <properties>
[...]
</properties>
  <testcase name="testFilterByDateRange_returnsOnlyExpensesWithinRange" classname="com.fa.service.ExpenseManagerTest" time="0.917"/>
  <testcase name="testAddExpense_increasesListSize" classname="com.fa.service.ExpenseManagerTest" time="0.043"/>
  <testcase name="testFilterByCategory_returnsOnlyMatchingExpensesAsString" classname="com.fa.service.ExpenseManagerTest" time="0.055"/>
  <testcase name="testRemoveExpenseByIndex_decreasesListSize" classname="com.fa.service.ExpenseManagerTest" time="0.234"/>
  <testcase name="testGetCategoryBreakdown_returnsCorrectSumsPerCategory" classname="com.fa.service.ExpenseManagerTest" time="0"/>
  <testcase name="testGetTotalSpent_returnsCorrectSum" classname="com.fa.service.ExpenseManagerTest" time="0.018"/>
</testsuite>